
*** Running vivado
    with args -log design_1_wrapper.vds -m64 -product Vivado -mode batch -messageDb vivado.pb -notrace -source design_1_wrapper.tcl


****** Vivado v2020.1 (64-bit)
  **** SW Build 2902540 on Wed May 27 19:54:35 MDT 2020
  **** IP Build 2902112 on Wed May 27 22:43:36 MDT 2020
    ** Copyright 1986-2020 Xilinx, Inc. All Rights Reserved.

source design_1_wrapper.tcl -notrace
INFO: [IP_Flow 19-234] Refreshing IP repositories
INFO: [IP_Flow 19-1700] Loaded user IP repository '/home/jiaming/workplace/stand_conv/OS/no_padding/solution1/impl'.
INFO: [IP_Flow 19-2313] Loaded Vivado IP repository '/home/jiaming/Xilinx/Vivado/2020.1/data/ip'.
Command: synth_design -top design_1_wrapper -part xczu3eg-sbva484-1-e
Starting synth_design
Attempting to get a license for feature 'Synthesis' and/or device 'xczu3eg'
INFO: [Common 17-349] Got license for feature 'Synthesis' and/or device 'xczu3eg'
INFO: [Device 21-403] Loading part xczu3eg-sbva484-1-e
INFO: [Synth 8-7079] Multithreading enabled for synth_design using a maximum of 4 processes.
INFO: [Synth 8-7078] Launching helper process for spawning children vivado processes
INFO: [Synth 8-7075] Helper process launched with PID 7342
---------------------------------------------------------------------------------
Starting RTL Elaboration : Time (s): cpu = 00:00:03 ; elapsed = 00:00:04 . Memory (MB): peak = 2537.719 ; gain = 5.934 ; free physical = 1259 ; free virtual = 6677
---------------------------------------------------------------------------------
INFO: [Synth 8-6157] synthesizing module 'design_1_wrapper' [/home/jiaming/workplace/stand_conv/OS/no_padding_design/no_padding_design.srcs/sources_1/bd/design_1/hdl/design_1_wrapper.v:12]
INFO: [Synth 8-6157] synthesizing module 'design_1' [/home/jiaming/workplace/stand_conv/OS/no_padding_design/no_padding_design.srcs/sources_1/bd/design_1/synth/design_1.v:13]
INFO: [Synth 8-6157] synthesizing module 'design_1_DoCompute_0_4' [/home/jiaming/workplace/stand_conv/OS/no_padding_design/no_padding_design.runs/synth_1/.Xil/Vivado-7254-jiaming-Latitude-7400/realtime/design_1_DoCompute_0_4_stub.v:6]
INFO: [Synth 8-6155] done synthesizing module 'design_1_DoCompute_0_4' (1#1) [/home/jiaming/workplace/stand_conv/OS/no_padding_design/no_padding_design.runs/synth_1/.Xil/Vivado-7254-jiaming-Latitude-7400/realtime/design_1_DoCompute_0_4_stub.v:6]
WARNING: [Synth 8-7071] port 'interrupt' of module 'design_1_DoCompute_0_4' is unconnected for instance 'DoCompute_0' [/home/jiaming/workplace/stand_conv/OS/no_padding_design/no_padding_design.srcs/sources_1/bd/design_1/synth/design_1.v:239]
WARNING: [Synth 8-7071] port 'm_axi_INPUT_ACT_AWREGION' of module 'design_1_DoCompute_0_4' is unconnected for instance 'DoCompute_0' [/home/jiaming/workplace/stand_conv/OS/no_padding_design/no_padding_design.srcs/sources_1/bd/design_1/synth/design_1.v:239]
WARNING: [Synth 8-7071] port 'm_axi_INPUT_ACT_ARREGION' of module 'design_1_DoCompute_0_4' is unconnected for instance 'DoCompute_0' [/home/jiaming/workplace/stand_conv/OS/no_padding_design/no_padding_design.srcs/sources_1/bd/design_1/synth/design_1.v:239]
WARNING: [Synth 8-7071] port 'm_axi_INPUT_WGT_AWREGION' of module 'design_1_DoCompute_0_4' is unconnected for instance 'DoCompute_0' [/home/jiaming/workplace/stand_conv/OS/no_padding_design/no_padding_design.srcs/sources_1/bd/design_1/synth/design_1.v:239]
WARNING: [Synth 8-7071] port 'm_axi_INPUT_WGT_ARREGION' of module 'design_1_DoCompute_0_4' is unconnected for instance 'DoCompute_0' [/home/jiaming/workplace/stand_conv/OS/no_padding_design/no_padding_design.srcs/sources_1/bd/design_1/synth/design_1.v:239]
WARNING: [Synth 8-7071] port 'm_axi_OUTPUT_r_AWREGION' of module 'design_1_DoCompute_0_4' is unconnected for instance 'DoCompute_0' [/home/jiaming/workplace/stand_conv/OS/no_padding_design/no_padding_design.srcs/sources_1/bd/design_1/synth/design_1.v:239]
WARNING: [Synth 8-7071] port 'm_axi_OUTPUT_r_ARREGION' of module 'design_1_DoCompute_0_4' is unconnected for instance 'DoCompute_0' [/home/jiaming/workplace/stand_conv/OS/no_padding_design/no_padding_design.srcs/sources_1/bd/design_1/synth/design_1.v:239]
WARNING: [Synth 8-7023] instance 'DoCompute_0' of module 'design_1_DoCompute_0_4' has 125 connections declared, but only 118 given [/home/jiaming/workplace/stand_conv/OS/no_padding_design/no_padding_design.srcs/sources_1/bd/design_1/synth/design_1.v:239]
INFO: [Synth 8-6157] synthesizing module 'design_1_axi_interconnect_0_0' [/home/jiaming/workplace/stand_conv/OS/no_padding_design/no_padding_design.srcs/sources_1/bd/design_1/synth/design_1.v:724]
INFO: [Synth 8-6157] synthesizing module 's00_couplers_imp_O7FAN0' [/home/jiaming/workplace/stand_conv/OS/no_padding_design/no_padding_design.srcs/sources_1/bd/design_1/synth/design_1.v:3342]
INFO: [Synth 8-6157] synthesizing module 'design_1_auto_ds_0' [/home/jiaming/workplace/stand_conv/OS/no_padding_design/no_padding_design.runs/synth_1/.Xil/Vivado-7254-jiaming-Latitude-7400/realtime/design_1_auto_ds_0_stub.v:6]
INFO: [Synth 8-6155] done synthesizing module 'design_1_auto_ds_0' (2#1) [/home/jiaming/workplace/stand_conv/OS/no_padding_design/no_padding_design.runs/synth_1/.Xil/Vivado-7254-jiaming-Latitude-7400/realtime/design_1_auto_ds_0_stub.v:6]
INFO: [Synth 8-6157] synthesizing module 'design_1_auto_pc_0' [/home/jiaming/workplace/stand_conv/OS/no_padding_design/no_padding_design.runs/synth_1/.Xil/Vivado-7254-jiaming-Latitude-7400/realtime/design_1_auto_pc_0_stub.v:6]
INFO: [Synth 8-6155] done synthesizing module 'design_1_auto_pc_0' (3#1) [/home/jiaming/workplace/stand_conv/OS/no_padding_design/no_padding_design.runs/synth_1/.Xil/Vivado-7254-jiaming-Latitude-7400/realtime/design_1_auto_pc_0_stub.v:6]
WARNING: [Synth 8-7071] port 'm_axi_awprot' of module 'design_1_auto_pc_0' is unconnected for instance 'auto_pc' [/home/jiaming/workplace/stand_conv/OS/no_padding_design/no_padding_design.srcs/sources_1/bd/design_1/synth/design_1.v:3685]
WARNING: [Synth 8-7071] port 'm_axi_arprot' of module 'design_1_auto_pc_0' is unconnected for instance 'auto_pc' [/home/jiaming/workplace/stand_conv/OS/no_padding_design/no_padding_design.srcs/sources_1/bd/design_1/synth/design_1.v:3685]
WARNING: [Synth 8-7023] instance 'auto_pc' of module 'design_1_auto_pc_0' has 56 connections declared, but only 54 given [/home/jiaming/workplace/stand_conv/OS/no_padding_design/no_padding_design.srcs/sources_1/bd/design_1/synth/design_1.v:3685]
INFO: [Synth 8-6155] done synthesizing module 's00_couplers_imp_O7FAN0' (4#1) [/home/jiaming/workplace/stand_conv/OS/no_padding_design/no_padding_design.srcs/sources_1/bd/design_1/synth/design_1.v:3342]
INFO: [Synth 8-6155] done synthesizing module 'design_1_axi_interconnect_0_0' (5#1) [/home/jiaming/workplace/stand_conv/OS/no_padding_design/no_padding_design.srcs/sources_1/bd/design_1/synth/design_1.v:724]
INFO: [Synth 8-6157] synthesizing module 'design_1_axi_interconnect_1_2' [/home/jiaming/workplace/stand_conv/OS/no_padding_design/no_padding_design.srcs/sources_1/bd/design_1/synth/design_1.v:1024]
INFO: [Synth 8-6157] synthesizing module 'm00_couplers_imp_1FDLJBY' [/home/jiaming/workplace/stand_conv/OS/no_padding_design/no_padding_design.srcs/sources_1/bd/design_1/synth/design_1.v:2338]
INFO: [Synth 8-6157] synthesizing module 'design_1_auto_ds_1' [/home/jiaming/workplace/stand_conv/OS/no_padding_design/no_padding_design.runs/synth_1/.Xil/Vivado-7254-jiaming-Latitude-7400/realtime/design_1_auto_ds_1_stub.v:6]
INFO: [Synth 8-6155] done synthesizing module 'design_1_auto_ds_1' (6#1) [/home/jiaming/workplace/stand_conv/OS/no_padding_design/no_padding_design.runs/synth_1/.Xil/Vivado-7254-jiaming-Latitude-7400/realtime/design_1_auto_ds_1_stub.v:6]
WARNING: [Synth 8-7071] port 'm_axi_awregion' of module 'design_1_auto_ds_1' is unconnected for instance 'auto_ds' [/home/jiaming/workplace/stand_conv/OS/no_padding_design/no_padding_design.srcs/sources_1/bd/design_1/synth/design_1.v:2641]
WARNING: [Synth 8-7071] port 'm_axi_arregion' of module 'design_1_auto_ds_1' is unconnected for instance 'auto_ds' [/home/jiaming/workplace/stand_conv/OS/no_padding_design/no_padding_design.srcs/sources_1/bd/design_1/synth/design_1.v:2641]
WARNING: [Synth 8-7023] instance 'auto_ds' of module 'design_1_auto_ds_1' has 76 connections declared, but only 74 given [/home/jiaming/workplace/stand_conv/OS/no_padding_design/no_padding_design.srcs/sources_1/bd/design_1/synth/design_1.v:2641]
INFO: [Synth 8-6155] done synthesizing module 'm00_couplers_imp_1FDLJBY' (7#1) [/home/jiaming/workplace/stand_conv/OS/no_padding_design/no_padding_design.srcs/sources_1/bd/design_1/synth/design_1.v:2338]
INFO: [Synth 8-6157] synthesizing module 'm01_couplers_imp_NZRVUN' [/home/jiaming/workplace/stand_conv/OS/no_padding_design/no_padding_design.srcs/sources_1/bd/design_1/synth/design_1.v:2718]
INFO: [Synth 8-6157] synthesizing module 'design_1_auto_ds_2' [/home/jiaming/workplace/stand_conv/OS/no_padding_design/no_padding_design.runs/synth_1/.Xil/Vivado-7254-jiaming-Latitude-7400/realtime/design_1_auto_ds_2_stub.v:6]
INFO: [Synth 8-6155] done synthesizing module 'design_1_auto_ds_2' (8#1) [/home/jiaming/workplace/stand_conv/OS/no_padding_design/no_padding_design.runs/synth_1/.Xil/Vivado-7254-jiaming-Latitude-7400/realtime/design_1_auto_ds_2_stub.v:6]
WARNING: [Synth 8-7071] port 'm_axi_awregion' of module 'design_1_auto_ds_2' is unconnected for instance 'auto_ds' [/home/jiaming/workplace/stand_conv/OS/no_padding_design/no_padding_design.srcs/sources_1/bd/design_1/synth/design_1.v:3021]
WARNING: [Synth 8-7071] port 'm_axi_arregion' of module 'design_1_auto_ds_2' is unconnected for instance 'auto_ds' [/home/jiaming/workplace/stand_conv/OS/no_padding_design/no_padding_design.srcs/sources_1/bd/design_1/synth/design_1.v:3021]
WARNING: [Synth 8-7023] instance 'auto_ds' of module 'design_1_auto_ds_2' has 76 connections declared, but only 74 given [/home/jiaming/workplace/stand_conv/OS/no_padding_design/no_padding_design.srcs/sources_1/bd/design_1/synth/design_1.v:3021]
INFO: [Synth 8-6155] done synthesizing module 'm01_couplers_imp_NZRVUN' (9#1) [/home/jiaming/workplace/stand_conv/OS/no_padding_design/no_padding_design.srcs/sources_1/bd/design_1/synth/design_1.v:2718]
INFO: [Synth 8-6157] synthesizing module 's00_couplers_imp_HS4N6K' [/home/jiaming/workplace/stand_conv/OS/no_padding_design/no_padding_design.srcs/sources_1/bd/design_1/synth/design_1.v:3098]
INFO: [Synth 8-6155] done synthesizing module 's00_couplers_imp_HS4N6K' (10#1) [/home/jiaming/workplace/stand_conv/OS/no_padding_design/no_padding_design.srcs/sources_1/bd/design_1/synth/design_1.v:3098]
INFO: [Synth 8-6157] synthesizing module 's01_couplers_imp_1CMTC59' [/home/jiaming/workplace/stand_conv/OS/no_padding_design/no_padding_design.srcs/sources_1/bd/design_1/synth/design_1.v:3742]
INFO: [Synth 8-6155] done synthesizing module 's01_couplers_imp_1CMTC59' (11#1) [/home/jiaming/workplace/stand_conv/OS/no_padding_design/no_padding_design.srcs/sources_1/bd/design_1/synth/design_1.v:3742]
INFO: [Synth 8-6157] synthesizing module 's02_couplers_imp_JCRZRZ' [/home/jiaming/workplace/stand_conv/OS/no_padding_design/no_padding_design.srcs/sources_1/bd/design_1/synth/design_1.v:3986]
INFO: [Synth 8-6155] done synthesizing module 's02_couplers_imp_JCRZRZ' (12#1) [/home/jiaming/workplace/stand_conv/OS/no_padding_design/no_padding_design.srcs/sources_1/bd/design_1/synth/design_1.v:3986]
INFO: [Synth 8-6157] synthesizing module 'design_1_xbar_2' [/home/jiaming/workplace/stand_conv/OS/no_padding_design/no_padding_design.runs/synth_1/.Xil/Vivado-7254-jiaming-Latitude-7400/realtime/design_1_xbar_2_stub.v:6]
INFO: [Synth 8-6155] done synthesizing module 'design_1_xbar_2' (13#1) [/home/jiaming/workplace/stand_conv/OS/no_padding_design/no_padding_design.runs/synth_1/.Xil/Vivado-7254-jiaming-Latitude-7400/realtime/design_1_xbar_2_stub.v:6]
WARNING: [Synth 8-7071] port 's_axi_bid' of module 'design_1_xbar_2' is unconnected for instance 'xbar' [/home/jiaming/workplace/stand_conv/OS/no_padding_design/no_padding_design.srcs/sources_1/bd/design_1/synth/design_1.v:2259]
WARNING: [Synth 8-7071] port 's_axi_rid' of module 'design_1_xbar_2' is unconnected for instance 'xbar' [/home/jiaming/workplace/stand_conv/OS/no_padding_design/no_padding_design.srcs/sources_1/bd/design_1/synth/design_1.v:2259]
WARNING: [Synth 8-7023] instance 'xbar' of module 'design_1_xbar_2' has 78 connections declared, but only 76 given [/home/jiaming/workplace/stand_conv/OS/no_padding_design/no_padding_design.srcs/sources_1/bd/design_1/synth/design_1.v:2259]
INFO: [Synth 8-6155] done synthesizing module 'design_1_axi_interconnect_1_2' (14#1) [/home/jiaming/workplace/stand_conv/OS/no_padding_design/no_padding_design.srcs/sources_1/bd/design_1/synth/design_1.v:1024]
INFO: [Synth 8-6157] synthesizing module 'design_1_rst_ps8_0_100M_2' [/home/jiaming/workplace/stand_conv/OS/no_padding_design/no_padding_design.runs/synth_1/.Xil/Vivado-7254-jiaming-Latitude-7400/realtime/design_1_rst_ps8_0_100M_2_stub.v:6]
INFO: [Synth 8-6155] done synthesizing module 'design_1_rst_ps8_0_100M_2' (15#1) [/home/jiaming/workplace/stand_conv/OS/no_padding_design/no_padding_design.runs/synth_1/.Xil/Vivado-7254-jiaming-Latitude-7400/realtime/design_1_rst_ps8_0_100M_2_stub.v:6]
WARNING: [Synth 8-7071] port 'mb_reset' of module 'design_1_rst_ps8_0_100M_2' is unconnected for instance 'rst_ps8_0_100M' [/home/jiaming/workplace/stand_conv/OS/no_padding_design/no_padding_design.srcs/sources_1/bd/design_1/synth/design_1.v:597]
WARNING: [Synth 8-7071] port 'bus_struct_reset' of module 'design_1_rst_ps8_0_100M_2' is unconnected for instance 'rst_ps8_0_100M' [/home/jiaming/workplace/stand_conv/OS/no_padding_design/no_padding_design.srcs/sources_1/bd/design_1/synth/design_1.v:597]
WARNING: [Synth 8-7071] port 'peripheral_reset' of module 'design_1_rst_ps8_0_100M_2' is unconnected for instance 'rst_ps8_0_100M' [/home/jiaming/workplace/stand_conv/OS/no_padding_design/no_padding_design.srcs/sources_1/bd/design_1/synth/design_1.v:597]
WARNING: [Synth 8-7071] port 'interconnect_aresetn' of module 'design_1_rst_ps8_0_100M_2' is unconnected for instance 'rst_ps8_0_100M' [/home/jiaming/workplace/stand_conv/OS/no_padding_design/no_padding_design.srcs/sources_1/bd/design_1/synth/design_1.v:597]
WARNING: [Synth 8-7023] instance 'rst_ps8_0_100M' of module 'design_1_rst_ps8_0_100M_2' has 10 connections declared, but only 6 given [/home/jiaming/workplace/stand_conv/OS/no_padding_design/no_padding_design.srcs/sources_1/bd/design_1/synth/design_1.v:597]
INFO: [Synth 8-6157] synthesizing module 'design_1_zynq_ultra_ps_e_0_0' [/home/jiaming/workplace/stand_conv/OS/no_padding_design/no_padding_design.runs/synth_1/.Xil/Vivado-7254-jiaming-Latitude-7400/realtime/design_1_zynq_ultra_ps_e_0_0_stub.v:6]
INFO: [Synth 8-6155] done synthesizing module 'design_1_zynq_ultra_ps_e_0_0' (16#1) [/home/jiaming/workplace/stand_conv/OS/no_padding_design/no_padding_design.runs/synth_1/.Xil/Vivado-7254-jiaming-Latitude-7400/realtime/design_1_zynq_ultra_ps_e_0_0_stub.v:6]
WARNING: [Synth 8-7071] port 'maxigp0_awuser' of module 'design_1_zynq_ultra_ps_e_0_0' is unconnected for instance 'zynq_ultra_ps_e_0' [/home/jiaming/workplace/stand_conv/OS/no_padding_design/no_padding_design.srcs/sources_1/bd/design_1/synth/design_1.v:604]
WARNING: [Synth 8-7071] port 'maxigp0_aruser' of module 'design_1_zynq_ultra_ps_e_0_0' is unconnected for instance 'zynq_ultra_ps_e_0' [/home/jiaming/workplace/stand_conv/OS/no_padding_design/no_padding_design.srcs/sources_1/bd/design_1/synth/design_1.v:604]
WARNING: [Synth 8-7071] port 'saxigp2_bid' of module 'design_1_zynq_ultra_ps_e_0_0' is unconnected for instance 'zynq_ultra_ps_e_0' [/home/jiaming/workplace/stand_conv/OS/no_padding_design/no_padding_design.srcs/sources_1/bd/design_1/synth/design_1.v:604]
WARNING: [Synth 8-7071] port 'saxigp2_rid' of module 'design_1_zynq_ultra_ps_e_0_0' is unconnected for instance 'zynq_ultra_ps_e_0' [/home/jiaming/workplace/stand_conv/OS/no_padding_design/no_padding_design.srcs/sources_1/bd/design_1/synth/design_1.v:604]
WARNING: [Synth 8-7071] port 'saxigp3_bid' of module 'design_1_zynq_ultra_ps_e_0_0' is unconnected for instance 'zynq_ultra_ps_e_0' [/home/jiaming/workplace/stand_conv/OS/no_padding_design/no_padding_design.srcs/sources_1/bd/design_1/synth/design_1.v:604]
WARNING: [Synth 8-7071] port 'saxigp3_rid' of module 'design_1_zynq_ultra_ps_e_0_0' is unconnected for instance 'zynq_ultra_ps_e_0' [/home/jiaming/workplace/stand_conv/OS/no_padding_design/no_padding_design.srcs/sources_1/bd/design_1/synth/design_1.v:604]
WARNING: [Synth 8-7023] instance 'zynq_ultra_ps_e_0' of module 'design_1_zynq_ultra_ps_e_0_0' has 123 connections declared, but only 117 given [/home/jiaming/workplace/stand_conv/OS/no_padding_design/no_padding_design.srcs/sources_1/bd/design_1/synth/design_1.v:604]
INFO: [Synth 8-6155] done synthesizing module 'design_1' (17#1) [/home/jiaming/workplace/stand_conv/OS/no_padding_design/no_padding_design.srcs/sources_1/bd/design_1/synth/design_1.v:13]
INFO: [Synth 8-6155] done synthesizing module 'design_1_wrapper' (18#1) [/home/jiaming/workplace/stand_conv/OS/no_padding_design/no_padding_design.srcs/sources_1/bd/design_1/hdl/design_1_wrapper.v:12]
---------------------------------------------------------------------------------
Finished RTL Elaboration : Time (s): cpu = 00:00:04 ; elapsed = 00:00:05 . Memory (MB): peak = 2587.625 ; gain = 55.840 ; free physical = 1346 ; free virtual = 6765
---------------------------------------------------------------------------------
---------------------------------------------------------------------------------
Start Handling Custom Attributes
---------------------------------------------------------------------------------
---------------------------------------------------------------------------------
Finished Handling Custom Attributes : Time (s): cpu = 00:00:04 ; elapsed = 00:00:05 . Memory (MB): peak = 2604.469 ; gain = 72.684 ; free physical = 1347 ; free virtual = 6766
---------------------------------------------------------------------------------
---------------------------------------------------------------------------------
Finished RTL Optimization Phase 1 : Time (s): cpu = 00:00:04 ; elapsed = 00:00:05 . Memory (MB): peak = 2604.469 ; gain = 72.684 ; free physical = 1347 ; free virtual = 6766
---------------------------------------------------------------------------------
Netlist sorting complete. Time (s): cpu = 00:00:00.04 ; elapsed = 00:00:00.04 . Memory (MB): peak = 2604.469 ; gain = 0.000 ; free physical = 1336 ; free virtual = 6755
INFO: [Project 1-570] Preparing netlist for logic optimization

Processing XDC Constraints
Initializing timing engine
Parsing XDC File [/home/jiaming/workplace/stand_conv/OS/no_padding_design/no_padding_design.srcs/sources_1/bd/design_1/ip/design_1_zynq_ultra_ps_e_0_0/design_1_zynq_ultra_ps_e_0_0/design_1_zynq_ultra_ps_e_0_0_in_context.xdc] for cell 'design_1_i/zynq_ultra_ps_e_0'
WARNING: [Vivado 12-584] No ports matched ''. [/home/jiaming/workplace/stand_conv/OS/no_padding_design/no_padding_design.srcs/sources_1/bd/design_1/ip/design_1_zynq_ultra_ps_e_0_0/design_1_zynq_ultra_ps_e_0_0/design_1_zynq_ultra_ps_e_0_0_in_context.xdc:2]
Finished Parsing XDC File [/home/jiaming/workplace/stand_conv/OS/no_padding_design/no_padding_design.srcs/sources_1/bd/design_1/ip/design_1_zynq_ultra_ps_e_0_0/design_1_zynq_ultra_ps_e_0_0/design_1_zynq_ultra_ps_e_0_0_in_context.xdc] for cell 'design_1_i/zynq_ultra_ps_e_0'
Parsing XDC File [/home/jiaming/workplace/stand_conv/OS/no_padding_design/no_padding_design.srcs/sources_1/bd/design_1/ip/design_1_rst_ps8_0_100M_2/design_1_rst_ps8_0_100M_2/design_1_rst_ps8_0_100M_2_in_context.xdc] for cell 'design_1_i/rst_ps8_0_100M'
Finished Parsing XDC File [/home/jiaming/workplace/stand_conv/OS/no_padding_design/no_padding_design.srcs/sources_1/bd/design_1/ip/design_1_rst_ps8_0_100M_2/design_1_rst_ps8_0_100M_2/design_1_rst_ps8_0_100M_2_in_context.xdc] for cell 'design_1_i/rst_ps8_0_100M'
Parsing XDC File [/home/jiaming/workplace/stand_conv/OS/no_padding_design/no_padding_design.srcs/sources_1/bd/design_1/ip/design_1_xbar_2/design_1_xbar_2/design_1_xbar_2_in_context.xdc] for cell 'design_1_i/axi_interconnect_1/xbar'
Finished Parsing XDC File [/home/jiaming/workplace/stand_conv/OS/no_padding_design/no_padding_design.srcs/sources_1/bd/design_1/ip/design_1_xbar_2/design_1_xbar_2/design_1_xbar_2_in_context.xdc] for cell 'design_1_i/axi_interconnect_1/xbar'
Parsing XDC File [/home/jiaming/workplace/stand_conv/OS/no_padding_design/no_padding_design.srcs/sources_1/bd/design_1/ip/design_1_DoCompute_0_4/design_1_DoCompute_0_4/design_1_DoCompute_0_3_in_context.xdc] for cell 'design_1_i/DoCompute_0'
Finished Parsing XDC File [/home/jiaming/workplace/stand_conv/OS/no_padding_design/no_padding_design.srcs/sources_1/bd/design_1/ip/design_1_DoCompute_0_4/design_1_DoCompute_0_4/design_1_DoCompute_0_3_in_context.xdc] for cell 'design_1_i/DoCompute_0'
Parsing XDC File [/home/jiaming/workplace/stand_conv/OS/no_padding_design/no_padding_design.srcs/sources_1/bd/design_1/ip/design_1_auto_ds_0/design_1_auto_ds_0/design_1_auto_ds_0_in_context.xdc] for cell 'design_1_i/axi_interconnect_0/s00_couplers/auto_ds'
Finished Parsing XDC File [/home/jiaming/workplace/stand_conv/OS/no_padding_design/no_padding_design.srcs/sources_1/bd/design_1/ip/design_1_auto_ds_0/design_1_auto_ds_0/design_1_auto_ds_0_in_context.xdc] for cell 'design_1_i/axi_interconnect_0/s00_couplers/auto_ds'
Parsing XDC File [/home/jiaming/workplace/stand_conv/OS/no_padding_design/no_padding_design.srcs/sources_1/bd/design_1/ip/design_1_auto_pc_0/design_1_auto_pc_0/design_1_auto_pc_0_in_context.xdc] for cell 'design_1_i/axi_interconnect_0/s00_couplers/auto_pc'
Finished Parsing XDC File [/home/jiaming/workplace/stand_conv/OS/no_padding_design/no_padding_design.srcs/sources_1/bd/design_1/ip/design_1_auto_pc_0/design_1_auto_pc_0/design_1_auto_pc_0_in_context.xdc] for cell 'design_1_i/axi_interconnect_0/s00_couplers/auto_pc'
Parsing XDC File [/home/jiaming/workplace/stand_conv/OS/no_padding_design/no_padding_design.srcs/sources_1/bd/design_1/ip/design_1_auto_ds_1/design_1_auto_ds_1/design_1_auto_ds_2_in_context.xdc] for cell 'design_1_i/axi_interconnect_1/m00_couplers/auto_ds'
Finished Parsing XDC File [/home/jiaming/workplace/stand_conv/OS/no_padding_design/no_padding_design.srcs/sources_1/bd/design_1/ip/design_1_auto_ds_1/design_1_auto_ds_1/design_1_auto_ds_2_in_context.xdc] for cell 'design_1_i/axi_interconnect_1/m00_couplers/auto_ds'
Parsing XDC File [/home/jiaming/workplace/stand_conv/OS/no_padding_design/no_padding_design.srcs/sources_1/bd/design_1/ip/design_1_auto_ds_2/design_1_auto_ds_2/design_1_auto_ds_2_in_context.xdc] for cell 'design_1_i/axi_interconnect_1/m01_couplers/auto_ds'
Finished Parsing XDC File [/home/jiaming/workplace/stand_conv/OS/no_padding_design/no_padding_design.srcs/sources_1/bd/design_1/ip/design_1_auto_ds_2/design_1_auto_ds_2/design_1_auto_ds_2_in_context.xdc] for cell 'design_1_i/axi_interconnect_1/m01_couplers/auto_ds'
Parsing XDC File [/home/jiaming/workplace/stand_conv/OS/no_padding_design/no_padding_design.runs/synth_1/dont_touch.xdc]
Finished Parsing XDC File [/home/jiaming/workplace/stand_conv/OS/no_padding_design/no_padding_design.runs/synth_1/dont_touch.xdc]
Completed Processing XDC Constraints

Netlist sorting complete. Time (s): cpu = 00:00:00 ; elapsed = 00:00:00 . Memory (MB): peak = 2725.125 ; gain = 0.000 ; free physical = 1235 ; free virtual = 6653
INFO: [Project 1-111] Unisim Transformation Summary:
No Unisim elements were transformed.

Constraint Validation Runtime : Time (s): cpu = 00:00:00.14 ; elapsed = 00:00:00.03 . Memory (MB): peak = 2725.125 ; gain = 0.000 ; free physical = 1234 ; free virtual = 6652
---------------------------------------------------------------------------------
Finished Constraint Validation : Time (s): cpu = 00:00:12 ; elapsed = 00:00:15 . Memory (MB): peak = 2725.125 ; gain = 193.340 ; free physical = 1318 ; free virtual = 6736
---------------------------------------------------------------------------------
---------------------------------------------------------------------------------
Start Loading Part and Timing Information
---------------------------------------------------------------------------------
Loading part: xczu3eg-sbva484-1-e
INFO: [Synth 8-6742] Reading net delay rules and data
---------------------------------------------------------------------------------
Finished Loading Part and Timing Information : Time (s): cpu = 00:00:12 ; elapsed = 00:00:15 . Memory (MB): peak = 2725.125 ; gain = 193.340 ; free physical = 1322 ; free virtual = 6740
---------------------------------------------------------------------------------
---------------------------------------------------------------------------------
Start Applying 'set_property' XDC Constraints
---------------------------------------------------------------------------------
Applied set_property DONT_TOUCH = true for design_1_i. (constraint file  auto generated constraint, line ).
Applied set_property DONT_TOUCH = true for design_1_i/zynq_ultra_ps_e_0. (constraint file  auto generated constraint, line ).
Applied set_property DONT_TOUCH = true for design_1_i/axi_interconnect_0. (constraint file  auto generated constraint, line ).
Applied set_property DONT_TOUCH = true for design_1_i/rst_ps8_0_100M. (constraint file  auto generated constraint, line ).
Applied set_property DONT_TOUCH = true for design_1_i/axi_interconnect_1/xbar. (constraint file  auto generated constraint, line ).
Applied set_property DONT_TOUCH = true for design_1_i/axi_interconnect_1. (constraint file  auto generated constraint, line ).
Applied set_property DONT_TOUCH = true for design_1_i/DoCompute_0. (constraint file  auto generated constraint, line ).
Applied set_property DONT_TOUCH = true for design_1_i/axi_interconnect_0/s00_couplers/auto_ds. (constraint file  auto generated constraint, line ).
Applied set_property DONT_TOUCH = true for design_1_i/axi_interconnect_0/s00_couplers/auto_pc. (constraint file  auto generated constraint, line ).
Applied set_property DONT_TOUCH = true for design_1_i/axi_interconnect_1/m00_couplers/auto_ds. (constraint file  auto generated constraint, line ).
Applied set_property DONT_TOUCH = true for design_1_i/axi_interconnect_1/m01_couplers/auto_ds. (constraint file  auto generated constraint, line ).
---------------------------------------------------------------------------------
Finished applying 'set_property' XDC Constraints : Time (s): cpu = 00:00:12 ; elapsed = 00:00:15 . Memory (MB): peak = 2725.125 ; gain = 193.340 ; free physical = 1322 ; free virtual = 6740
---------------------------------------------------------------------------------
---------------------------------------------------------------------------------
Finished RTL Optimization Phase 2 : Time (s): cpu = 00:00:12 ; elapsed = 00:00:15 . Memory (MB): peak = 2725.125 ; gain = 193.340 ; free physical = 1323 ; free virtual = 6743
---------------------------------------------------------------------------------
---------------------------------------------------------------------------------
Start RTL Component Statistics 
---------------------------------------------------------------------------------
Detailed RTL Component Info : 
---------------------------------------------------------------------------------
Finished RTL Component Statistics 
---------------------------------------------------------------------------------
---------------------------------------------------------------------------------
Start Part Resource Summary
---------------------------------------------------------------------------------
Part Resources:
DSPs: 360 (col length:72)
BRAMs: 432 (col length: RAMB18 72 RAMB36 36)
---------------------------------------------------------------------------------
Finished Part Resource Summary
---------------------------------------------------------------------------------
---------------------------------------------------------------------------------
Start Cross Boundary and Area Optimization
---------------------------------------------------------------------------------
---------------------------------------------------------------------------------
Finished Cross Boundary and Area Optimization : Time (s): cpu = 00:00:13 ; elapsed = 00:00:16 . Memory (MB): peak = 2725.125 ; gain = 193.340 ; free physical = 1308 ; free virtual = 6732
---------------------------------------------------------------------------------
---------------------------------------------------------------------------------
Start Applying XDC Timing Constraints
---------------------------------------------------------------------------------
---------------------------------------------------------------------------------
Finished Applying XDC Timing Constraints : Time (s): cpu = 00:00:31 ; elapsed = 00:00:47 . Memory (MB): peak = 3210.461 ; gain = 678.676 ; free physical = 683 ; free virtual = 6098
---------------------------------------------------------------------------------
---------------------------------------------------------------------------------
Start Timing Optimization
---------------------------------------------------------------------------------
---------------------------------------------------------------------------------
Finished Timing Optimization : Time (s): cpu = 00:00:31 ; elapsed = 00:00:47 . Memory (MB): peak = 3211.461 ; gain = 679.676 ; free physical = 683 ; free virtual = 6098
---------------------------------------------------------------------------------
---------------------------------------------------------------------------------
Start Technology Mapping
---------------------------------------------------------------------------------
---------------------------------------------------------------------------------
Finished Technology Mapping : Time (s): cpu = 00:00:31 ; elapsed = 00:00:47 . Memory (MB): peak = 3232.508 ; gain = 700.723 ; free physical = 680 ; free virtual = 6095
---------------------------------------------------------------------------------
---------------------------------------------------------------------------------
Start IO Insertion
---------------------------------------------------------------------------------
---------------------------------------------------------------------------------
Start Flattening Before IO Insertion
---------------------------------------------------------------------------------
---------------------------------------------------------------------------------
Finished Flattening Before IO Insertion
---------------------------------------------------------------------------------
---------------------------------------------------------------------------------
Start Final Netlist Cleanup
---------------------------------------------------------------------------------
---------------------------------------------------------------------------------
Finished Final Netlist Cleanup
---------------------------------------------------------------------------------
---------------------------------------------------------------------------------
Finished IO Insertion : Time (s): cpu = 00:00:34 ; elapsed = 00:00:50 . Memory (MB): peak = 3238.445 ; gain = 706.660 ; free physical = 679 ; free virtual = 6094
---------------------------------------------------------------------------------
---------------------------------------------------------------------------------
Start Renaming Generated Instances
---------------------------------------------------------------------------------
---------------------------------------------------------------------------------
Finished Renaming Generated Instances : Time (s): cpu = 00:00:34 ; elapsed = 00:00:50 . Memory (MB): peak = 3238.445 ; gain = 706.660 ; free physical = 679 ; free virtual = 6094
---------------------------------------------------------------------------------
---------------------------------------------------------------------------------
Start Rebuilding User Hierarchy
---------------------------------------------------------------------------------
---------------------------------------------------------------------------------
Finished Rebuilding User Hierarchy : Time (s): cpu = 00:00:34 ; elapsed = 00:00:50 . Memory (MB): peak = 3238.445 ; gain = 706.660 ; free physical = 679 ; free virtual = 6094
---------------------------------------------------------------------------------
---------------------------------------------------------------------------------
Start Renaming Generated Ports
---------------------------------------------------------------------------------
---------------------------------------------------------------------------------
Finished Renaming Generated Ports : Time (s): cpu = 00:00:34 ; elapsed = 00:00:50 . Memory (MB): peak = 3238.445 ; gain = 706.660 ; free physical = 679 ; free virtual = 6094
---------------------------------------------------------------------------------
---------------------------------------------------------------------------------
Start Handling Custom Attributes
---------------------------------------------------------------------------------
---------------------------------------------------------------------------------
Finished Handling Custom Attributes : Time (s): cpu = 00:00:34 ; elapsed = 00:00:50 . Memory (MB): peak = 3238.445 ; gain = 706.660 ; free physical = 679 ; free virtual = 6094
---------------------------------------------------------------------------------
---------------------------------------------------------------------------------
Start Renaming Generated Nets
---------------------------------------------------------------------------------
---------------------------------------------------------------------------------
Finished Renaming Generated Nets : Time (s): cpu = 00:00:34 ; elapsed = 00:00:50 . Memory (MB): peak = 3238.445 ; gain = 706.660 ; free physical = 679 ; free virtual = 6094
---------------------------------------------------------------------------------
---------------------------------------------------------------------------------
Start Writing Synthesis Report
---------------------------------------------------------------------------------

Report BlackBoxes: 
+------+-----------------------------+----------+
|      |BlackBox name                |Instances |
+------+-----------------------------+----------+
|1     |design_1_auto_ds_0           |         1|
|2     |design_1_auto_pc_0           |         1|
|3     |design_1_xbar_2              |         1|
|4     |design_1_auto_ds_1           |         1|
|5     |design_1_auto_ds_2           |         1|
|6     |design_1_DoCompute_0_4       |         1|
|7     |design_1_rst_ps8_0_100M_2    |         1|
|8     |design_1_zynq_ultra_ps_e_0_0 |         1|
+------+-----------------------------+----------+

Report Cell Usage: 
+------+---------------------------+------+
|      |Cell                       |Count |
+------+---------------------------+------+
|1     |design_1_DoCompute_0       |     1|
|2     |design_1_auto_ds           |     3|
|5     |design_1_auto_pc           |     1|
|6     |design_1_rst_ps8_0_100M    |     1|
|7     |design_1_xbar              |     1|
|8     |design_1_zynq_ultra_ps_e_0 |     1|
+------+---------------------------+------+
---------------------------------------------------------------------------------
Finished Writing Synthesis Report : Time (s): cpu = 00:00:34 ; elapsed = 00:00:50 . Memory (MB): peak = 3238.445 ; gain = 706.660 ; free physical = 679 ; free virtual = 6094
---------------------------------------------------------------------------------
Synthesis finished with 0 errors, 0 critical warnings and 0 warnings.
Synthesis Optimization Runtime : Time (s): cpu = 00:00:29 ; elapsed = 00:00:43 . Memory (MB): peak = 3238.445 ; gain = 586.004 ; free physical = 717 ; free virtual = 6132
Synthesis Optimization Complete : Time (s): cpu = 00:00:34 ; elapsed = 00:00:50 . Memory (MB): peak = 3238.453 ; gain = 706.660 ; free physical = 717 ; free virtual = 6132
INFO: [Project 1-571] Translating synthesized netlist
Netlist sorting complete. Time (s): cpu = 00:00:00.03 ; elapsed = 00:00:00.03 . Memory (MB): peak = 3238.453 ; gain = 0.000 ; free physical = 785 ; free virtual = 6200
INFO: [Project 1-570] Preparing netlist for logic optimization
INFO: [Opt 31-138] Pushed 0 inverter(s) to 0 load pin(s).
Netlist sorting complete. Time (s): cpu = 00:00:00 ; elapsed = 00:00:00 . Memory (MB): peak = 3272.195 ; gain = 0.000 ; free physical = 721 ; free virtual = 6136
INFO: [Project 1-111] Unisim Transformation Summary:
No Unisim elements were transformed.

INFO: [Common 17-83] Releasing license: Synthesis
52 Infos, 33 Warnings, 0 Critical Warnings and 0 Errors encountered.
synth_design completed successfully
synth_design: Time (s): cpu = 00:00:46 ; elapsed = 00:01:03 . Memory (MB): peak = 3286.133 ; gain = 1128.750 ; free physical = 851 ; free virtual = 6266
INFO: [Common 17-1381] The checkpoint '/home/jiaming/workplace/stand_conv/OS/no_padding_design/no_padding_design.runs/synth_1/design_1_wrapper.dcp' has been generated.
INFO: [runtcl-4] Executing : report_utilization -file design_1_wrapper_utilization_synth.rpt -pb design_1_wrapper_utilization_synth.pb
INFO: [Common 17-206] Exiting Vivado at Wed Mar 24 20:55:04 2021...
